<?xml version="1.0"?>
<testsuite failures="0" skipped="0" name="cucumber-js" time="0.05027148799999999" tests="4">
  <testcase classname="Search crvs from IBR based on specific criteria" name="Successfully search crvs to be processed" time="0.021669242999999998">
    <system-out><![CDATA[Given System wants to search for person in crvs...........................passed
When A POST request to search is sent.....................................passed
Then The response from the search should be received......................passed
And The search response should have status 200............................passed
And The search response should have "Content-Type": "application/json" ...passed
And The search response should be returned in a timely manner within 15...passed
And The search response should match the expected JSON schema.............passed]]></system-out>
  </testcase>
  <testcase classname="Search crvs from IBR based on specific criteria" name="Validate the structure of reg_records in search response Functional Test" time="0.012317828">
    <system-out><![CDATA[Given System has sent a search request for crvs person for a functional...passed
When A POST request to search is sent Functional Test.....................passed
Then The response from the search should be received Functional Test......passed
And The search response should contain a reg_records array Functional T...passed
And Each item in the reg_records array should match the defined JSON sc...passed]]></system-out>
  </testcase>
  <testcase classname="Subscribe To CRVS based on specific criteria" name="Successfully subscribe to get new persons from crvs to be processed smoke type test" time="0.007356906">
    <system-out><![CDATA[Given System wanna subscribe to get new persons from crvs.................passed
When POST request to subscribe is sent....................................passed
Then The response from the subscribe is received..........................passed
And The subscribe response should have status 200.........................passed
And The subscribe response should have "Content-Type": "application/jso...passed
And The subscribe response should be returned in a timely manner 15000m...passed
And The subscribe response should match json schema.......................passed]]></system-out>
  </testcase>
  <testcase classname="Unsubscribe from IBR based on specific criteria" name="Successfully unsubscribe from crvs to be processed smoke type test" time="0.008927511">
    <system-out><![CDATA[Given System wanna unsubscribe from crvs..................................passed
When POST request to unsubscribe is sent..................................passed
Then The response from the unsubscribe is received........................passed
And The unsubscribe response should have status 200.......................passed
And The unsubscribe response should have "Content-Type": "application/j...passed
And The unsubscribe response should be returned in a timely manner 1500...passed
And The unsubscribe response should match json schema.....................passed]]></system-out>
  </testcase>
</testsuite>