<?xml version="1.0"?>
<testsuite failures="0" skipped="0" name="cucumber-js" time="0.200396018" tests="12">
  <testcase classname="notify from CRVS based on new birth" name="Successfully send notification from crvs to be processed smoke type test" time="0.036415542">
    <system-out><![CDATA[Given System previously subscribed to notification of new birth...........passed
When CRVS send notification to subscriber for new birth...................passed
Then The response from the notify is received.............................passed
And The notify response should have status 200............................passed
And The notify response should have "Content-Type": "application/json" ...passed
And The notify response should be returned in a timely manner 15000ms.....passed
And The notify response should match json schema..........................passed]]></system-out>
  </testcase>
  <testcase classname="Receive async search results from CRVS through a callback" name="Successfully receive async search results from CRVS" time="0.012842224">
    <system-out><![CDATA[Given SP has previously sent a search request to CRVS.....................passed
When CRVS completes processing and calls SP on-search callback............passed
Then SP should receive the on-search response from CRVS...................passed
And The on-search response should have status 200.........................passed
And The on-search response should have "Content-Type": "application/jso...passed
And The on-search response should be received within 15000ms..............passed
And The on-search response should match the expected JSON schema..........passed]]></system-out>
  </testcase>
  <testcase classname="Callback for Subscribe To CRVS based on specific criteria" name="Successfully receive async subscribe results from CRVS" time="0.010227201">
    <system-out><![CDATA[Given SP has previously sent a subscribe request to CRVS..................passed
When CRVS completes processing and calls SP on-subscribe callback.........passed
Then SP should receive the on-subscribe response from CRVS................passed
And The on-subscribe response should have status 200......................passed
And The on-subscribe response should have "Content-Type": "application/...passed
And The on-subscribe response should be returned in a timely manner 150...passed
And The on-subscribe response should match json schema....................passed]]></system-out>
  </testcase>
  <testcase classname="callback for Unsubscribe from CRVS" name="Successfully  receive async unsubscribe results from crvs" time="0.013475645">
    <system-out><![CDATA[Given SP has previously sent an unsubscribe request to CRVS...............passed
When CRVS completes processing and calls SP on-unsubscribe callback.......passed
Then SP should receive the on-unsubscribe response from CRVS..............passed
And The on-unsubscribe response should have status 200....................passed
And The on-unsubscribe response should have "Content-Type": "applicatio...passed
And The on-unsubscribe response should be returned in a timely manner 1...passed
And The on-unsubscribe response should match json schema..................passed]]></system-out>
  </testcase>
  <testcase classname="Search async from CRVS based on specific criteria" name="Successfully async search crvs to be processed" time="0.021465713000000004">
    <system-out><![CDATA[Given System wants to async search for persons in crvs....................passed
When A POST request to async search is sent...............................passed
Then The response from the async search should be received................passed
And The async search response should have status 200......................passed
And The async search response should have "Content-Type": "application/...passed
And The async search response should be returned in a timely manner wit...passed
And The async search response should match the expected JSON schema.......passed]]></system-out>
  </testcase>
  <testcase classname="Subscribe To CRVS based on specific criteria" name="Successfully subscribe to get new persons from crvs to be processed smoke type test" time="0.017650727">
    <system-out><![CDATA[Given System wanna subscribe to get new persons from crvs.................passed
When POST request to subscribe is sent....................................passed
Then The response from the subscribe is received..........................passed
And The subscribe response should have status 200.........................passed
And The subscribe response should have "Content-Type": "application/jso...passed
And The subscribe response should be returned in a timely manner 15000m...passed
And The subscribe response should match json schema.......................passed]]></system-out>
  </testcase>
  <testcase classname="Search perspn from CRVS based on specific criteria" name="Successfully search crvs to be processed" time="0.015508344">
    <system-out><![CDATA[Given System wants to search for person in crvs...........................passed
When A POST request to search is sent.....................................passed
Then The response from the search should be received......................passed
And The search response should have status 200............................passed
And The search response should have "Content-Type": "application/json" ...passed
And The search response should be returned in a timely manner within 15...passed
And The search response should match the expected JSON schema.............passed]]></system-out>
  </testcase>
  <testcase classname="Search perspn from CRVS based on specific criteria" name="Validate the structure of reg_records in search response Functional Test" time="0.013930493">
    <system-out><![CDATA[Given System has sent a search request for crvs person for a functional...passed
When A POST request to search is sent Functional Test.....................passed
Then The response from the search should be received Functional Test......passed
And The search response should contain a reg_records array Functional T...passed
And Each item in the reg_records array should match the defined JSON sc...passed]]></system-out>
  </testcase>
  <testcase classname="Get transaction status synchronously" name="Successfully get transaction status synchronously" time="0.012903004">
    <system-out><![CDATA[Given System wants to get transaction status synchronously................passed
When A POST request to sync txn status is sent............................passed
Then The response from the getting sync txn status should be received.....passed
And The sync txn status response should have status 200...................passed
And The sync txn status response should have "Content-Type": "applicati...passed
And The sync txn status response should be returned in a timely manner ...passed
And The sync txn status response should match the expected JSON schema....passed]]></system-out>
  </testcase>
  <testcase classname="Get transaction status" name="Successfully receive async txn status result from CRVS" time="0.018865019">
    <system-out><![CDATA[Given SP has previously sent a txn status request to CRVS.................passed
When CRVS completes processing and calls SP txn on-status callback........passed
Then SP should receive the txn on-status response from CRVS...............passed
And The txn on-status response should have status 200.....................passed
And The txn on-status response should have "Content-Type": "application...passed
And The txn on-status response should be returned in a timely manner 15...passed
And The txn on-status response should match json schema...................passed]]></system-out>
  </testcase>
  <testcase classname="Get transaction status async" name="Successfully get transaction status" time="0.015716701">
    <system-out><![CDATA[Given System wants to get transaction status..............................passed
When A POST request to txn status is sent.................................passed
Then The response from the getting txn status should be received..........passed
And The txn status response should have status 200........................passed
And The txn status response should have "Content-Type": "application/js...passed
And The txn status response should be returned in a timely manner withi...passed
And The txn status response should match the expected JSON schema.........passed]]></system-out>
  </testcase>
  <testcase classname="Unsubscribe from CRVS based on specific criteria" name="Successfully unsubscribe from crvs to be processed smoke type test" time="0.011395404999999997">
    <system-out><![CDATA[Given System wanna unsubscribe from crvs..................................passed
When POST request to unsubscribe is sent..................................passed
Then The response from the unsubscribe is received........................passed
And The unsubscribe response should have status 200.......................passed
And The unsubscribe response should have "Content-Type": "application/j...passed
And The unsubscribe response should be returned in a timely manner 1500...passed
And The unsubscribe response should match json schema.....................passed]]></system-out>
  </testcase>
</testsuite>